2026-07-09 13:54:53 [main] INFO  TestListener - >>> Execution Started for Module: [Login & Authentication Regression]
2026-07-09 13:55:10 [TestNG-test-Login & Authentication Regression-2] INFO  TestListener - Starting Test: [testLoginSuccess]
2026-07-09 13:55:10 [TestNG-test-Login & Authentication Regression-2] INFO  HomePage - Clicking on element -> [xpath: //a[contains(text(), 'Sign in')]]
2026-07-09 13:55:10 [TestNG-test-Login & Authentication Regression-1] INFO  TestListener - Starting Test: [testLoginFailure]
2026-07-09 13:55:10 [TestNG-test-Login & Authentication Regression-1] INFO  HomePage - Clicking on element -> [xpath: //a[contains(text(), 'Sign in')]]
2026-07-09 13:55:10 [TestNG-test-Login & Authentication Regression-2] INFO  LoginPage - Clearing input field -> [id: email]
2026-07-09 13:55:11 [TestNG-test-Login & Authentication Regression-2] INFO  LoginPage - Typing [darebi6641@agoalz.com] into field -> [id: email]
2026-07-09 13:55:11 [TestNG-test-Login & Authentication Regression-2] INFO  LoginPage - Clearing input field -> [id: passwd]
2026-07-09 13:55:11 [TestNG-test-Login & Authentication Regression-2] INFO  LoginPage - Typing [********] into field -> [id: passwd]
2026-07-09 13:55:11 [TestNG-test-Login & Authentication Regression-2] INFO  LoginPage - Clicking on element -> [id: SubmitLogin]
2026-07-09 13:55:11 [TestNG-test-Login & Authentication Regression-1] INFO  LoginPage - Clearing input field -> [id: email]
2026-07-09 13:55:11 [TestNG-test-Login & Authentication Regression-1] INFO  LoginPage - Typing [invalidEmailAddress@email.com] into field -> [id: email]
2026-07-09 13:55:11 [TestNG-test-Login & Authentication Regression-1] INFO  LoginPage - Clearing input field -> [id: passwd]
2026-07-09 13:55:11 [TestNG-test-Login & Authentication Regression-1] INFO  LoginPage - Typing [********] into field -> [id: passwd]
2026-07-09 13:55:11 [TestNG-test-Login & Authentication Regression-1] INFO  LoginPage - Clicking on element -> [id: SubmitLogin]
2026-07-09 13:55:12 [TestNG-test-Login & Authentication Regression-2] INFO  MyAccountPage - Extracting text from element -> [xpath: //a[@title = 'View my customer account']/span]
2026-07-09 13:55:12 [TestNG-test-Login & Authentication Regression-2] INFO  MyAccountPage - Extracted text value: [Hitesh Kumar]
2026-07-09 13:55:12 [TestNG-test-Login & Authentication Regression-2] INFO  TestListener - PASSED: [testLoginSuccess]
2026-07-09 13:55:12 [TestNG-test-Login & Authentication Regression-1] INFO  LoginPage - Extracting text from element -> [xpath: //div[@class = 'alert alert-danger']/ol/li]
2026-07-09 13:55:12 [TestNG-test-Login & Authentication Regression-1] INFO  LoginPage - Extracted text value: [Authentication failed.]
2026-07-09 13:55:12 [TestNG-test-Login & Authentication Regression-1] INFO  TestListener - PASSED: [testLoginFailure]
2026-07-09 13:55:17 [TestNG-test-Login & Authentication Regression-2] INFO  TestListener - Starting Test: [testLoginSuccess]
2026-07-09 13:55:17 [TestNG-test-Login & Authentication Regression-2] INFO  HomePage - Clicking on element -> [xpath: //a[contains(text(), 'Sign in')]]
2026-07-09 13:55:18 [TestNG-test-Login & Authentication Regression-2] INFO  LoginPage - Clearing input field -> [id: email]
2026-07-09 13:55:18 [TestNG-test-Login & Authentication Regression-2] INFO  LoginPage - Typing [bakomam596@skrak.com] into field -> [id: email]
2026-07-09 13:55:18 [TestNG-test-Login & Authentication Regression-2] INFO  LoginPage - Clearing input field -> [id: passwd]
2026-07-09 13:55:18 [TestNG-test-Login & Authentication Regression-2] INFO  LoginPage - Typing [********] into field -> [id: passwd]
2026-07-09 13:55:18 [TestNG-test-Login & Authentication Regression-2] INFO  LoginPage - Clicking on element -> [id: SubmitLogin]
2026-07-09 13:55:19 [TestNG-test-Login & Authentication Regression-2] INFO  MyAccountPage - Extracting text from element -> [xpath: //a[@title = 'View my customer account']/span]
2026-07-09 13:55:19 [TestNG-test-Login & Authentication Regression-2] INFO  MyAccountPage - Extracted text value: [Jatin Sharma]
2026-07-09 13:55:19 [TestNG-test-Login & Authentication Regression-2] INFO  TestListener - PASSED: [testLoginSuccess]
2026-07-09 13:55:20 [TestNG-test-Login & Authentication Regression-1] INFO  TestListener - Starting Test: [testLoginFailure]
2026-07-09 13:55:20 [TestNG-test-Login & Authentication Regression-1] INFO  HomePage - Clicking on element -> [xpath: //a[contains(text(), 'Sign in')]]
2026-07-09 13:55:21 [TestNG-test-Login & Authentication Regression-1] INFO  LoginPage - Clearing input field -> [id: email]
2026-07-09 13:55:21 [TestNG-test-Login & Authentication Regression-1] INFO  LoginPage - Typing [incorrectUser@skrak.com] into field -> [id: email]
2026-07-09 13:55:21 [TestNG-test-Login & Authentication Regression-1] INFO  LoginPage - Clearing input field -> [id: passwd]
2026-07-09 13:55:21 [TestNG-test-Login & Authentication Regression-1] INFO  LoginPage - Typing [********] into field -> [id: passwd]
2026-07-09 13:55:21 [TestNG-test-Login & Authentication Regression-1] INFO  LoginPage - Clicking on element -> [id: SubmitLogin]
2026-07-09 13:55:21 [TestNG-test-Login & Authentication Regression-1] INFO  LoginPage - Extracting text from element -> [xpath: //div[@class = 'alert alert-danger']/ol/li]
2026-07-09 13:55:21 [TestNG-test-Login & Authentication Regression-1] INFO  LoginPage - Extracted text value: [Authentication failed.]
2026-07-09 13:55:21 [TestNG-test-Login & Authentication Regression-1] INFO  TestListener - PASSED: [testLoginFailure]
2026-07-09 13:55:21 [main] INFO  TestListener - <<< Execution Completed for Module: [Login & Authentication Regression]
2026-07-09 13:55:21 [main] INFO  TestListener - Passed: 4 | Failed: 0 | Skipped: 0
